
****** PlanAhead v14.7
  **** Build 321239 by xbuild on Fri Sep 27 19:31:35 MDT 2013
    ** Copyright 1986-1999, 2001-2013 Xilinx, Inc. All Rights Reserved.

INFO: [Common 17-78] Attempting to get a license: PlanAhead
INFO: [Common 17-290] Got license for PlanAhead
INFO: [Common 17-86] Your PlanAhead license expires in -885 day(s)
INFO: [Device 21-36] Loading parts and site information from C:/Xilinx/14.7/ISE_DS/PlanAhead/data/parts/arch.xml
Parsing RTL primitives file [C:/Xilinx/14.7/ISE_DS/PlanAhead/data/parts/xilinx/rtl/prims/rtl_prims.xml]
Finished parsing RTL primitives file [C:/Xilinx/14.7/ISE_DS/PlanAhead/data/parts/xilinx/rtl/prims/rtl_prims.xml]
start_gui
source Z:/VM_Shared_folder/Thesis/Consolidated.gz/pa.fromNetlist.tcl
# create_project -name lab1_project -dir "Z:/VM_Shared_folder/Thesis/Consolidated.gz/planAhead_run_1" -part xc6slx45csg324-3
# set_property design_mode GateLvl [get_property srcset [current_run -impl]]
# set_property edif_top_file "Z:/VM_Shared_folder/Thesis/Consolidated.gz/main.ngc" [ get_property srcset [ current_run ] ]
# add_files -norecurse { {Z:/VM_Shared_folder/Thesis/Consolidated.gz} }
# set_property target_constrs_file "atlys.ucf" [current_fileset -constrset]
Adding file 'Z:/VM_Shared_folder/Thesis/Consolidated.gz/atlys.ucf' to fileset 'constrs_1'
# add_files [list {atlys.ucf}] -fileset [get_property constrset [current_run]]
# link_design
Design is defaulting to srcset: sources_1
Design is defaulting to constrset: constrs_1
Design is defaulting to project part: xc6slx45csg324-3
Release 14.7 - ngc2edif P.20131013 (nt)
Copyright (c) 1995-2013 Xilinx, Inc.  All rights reserved.

Release 14.7 - ngc2edif P.20131013 (nt)
Copyright (c) 1995-2013 Xilinx, Inc.  All rights reserved.
Reading design main.ngc ...
WARNING:NetListWriters:298 - No output is written to main.xncf, ignored.
Processing design ...
   Preping design's networks ...
   Preping design's macros ...
  finished :Prep
Writing EDIF netlist file main.edif ...
ngc2edif: Total memory usage is 61004 kilobytes

Parsing EDIF File [./planAhead_run_1/lab1_project.data/cache/main_ngc_zx.edif]
Finished Parsing EDIF File [./planAhead_run_1/lab1_project.data/cache/main_ngc_zx.edif]
INFO: [Netlist 29-17] Analyzing 9 Unisim elements for replacement
INFO: [Netlist 29-28] Unisim Transformation completed in 0 CPU seconds
WARNING: [Netlist 29-43] Netlist 'main' is not ideal for floorplanning, since the cellview 'main' defined in file 'main.ngc' contains large number of primitives.  Please consider enabling hierarchy in synthesis if you want to do floorplanning.
Loading clock regions from C:/Xilinx/14.7/ISE_DS/PlanAhead/data\parts/xilinx/spartan6/spartan6lx/xc6slx45/ClockRegion.xml
Loading clock buffers from C:/Xilinx/14.7/ISE_DS/PlanAhead/data\parts/xilinx/spartan6/spartan6lx/xc6slx45/ClockBuffers.xml
Loading package pin functions from C:/Xilinx/14.7/ISE_DS/PlanAhead/data\parts/xilinx/spartan6/PinFunctions.xml...
Loading package from C:/Xilinx/14.7/ISE_DS/PlanAhead/data\parts/xilinx/spartan6/spartan6lx/xc6slx45/csg324/Package.xml
Loading io standards from C:/Xilinx/14.7/ISE_DS/PlanAhead/data\./parts/xilinx/spartan6/IOStandards.xml
Loading device configuration modes from C:/Xilinx/14.7/ISE_DS/PlanAhead/data\parts/xilinx/spartan6/ConfigModes.xml
Loading list of drcs for the architecture : C:/Xilinx/14.7/ISE_DS/PlanAhead/data\./parts/xilinx/spartan6/drc.xml
Parsing UCF File [Z:/VM_Shared_folder/Thesis/Consolidated.gz/atlys.ucf]
Finished Parsing UCF File [Z:/VM_Shared_folder/Thesis/Consolidated.gz/atlys.ucf]
INFO: [Project 1-111] Unisim Transformation Summary:
  A total of 9 instances were transformed.
  BUFGP => BUFGP (IBUF, BUFG): 1 instances
  RAM32M => RAM32M (RAMD32, RAMD32, RAMD32, RAMD32, RAMD32, RAMD32, RAMS32, RAMS32): 8 instances

Phase 0 | Netlist Checksum: a2eaf921
link_design: Time (s): elapsed = 00:00:36 . Memory (MB): peak = 488.141 ; gain = 84.719
exit
ERROR: [Common 17-39] 'stop_gui' failed due to earlier errors.
INFO: [Common 17-206] Exiting PlanAhead at Mon Mar 04 15:44:58 2019...
INFO: [Common 17-83] Releasing license: PlanAhead
