Command line:
   image_configs_text_isim_beh.exe
     -simmode  gui
     -simrunnum  0
     -socket  49499

Fri Mar 08 10:40:41 2019


 Elaboration Time: 0.265625 sec

 Current Memory Usage: 657.793 Meg

 Total Signals          : 205
 Total Nets             : 334
 Total Signal Drivers   : 109
 Total Blocks           : 19
 Total Primitive Blocks : 9
 Total Processes        : 131
 Total Traceable Variables  : 119
 Total Scalar Nets and Variables : 4776
Total Line Count : 494

 Total Simulation Time: 0.3125 sec

 Current Memory Usage: 657.793 Meg

Fri Mar 08 10:40:46 2019

