Running: C:\Xilinx\14.7\ISE_DS\ISE\bin\nt\unwrapped\fuse.exe -intstyle ise -incremental -lib unisims_ver -lib unimacro_ver -lib xilinxcorelib_ver -lib secureip -o Z:/VM_Shared_folder/Thesis/Consolidated.gz/image_fsm_test_isim_beh.exe -prj Z:/VM_Shared_folder/Thesis/Consolidated.gz/image_fsm_test_beh.prj work.image_fsm_test work.glbl 
ISim P.20131013 (signature 0x8ef4fb42)
Number of CPUs detected in this system: 1
Turning on mult-threading, number of parallel sub-compilation jobs: 0 
Determining compilation order of HDL files
Analyzing Verilog file "Z:/VM_Shared_folder/Thesis/Consolidated.gz/look_up.v" into library work
Analyzing Verilog file "Z:/VM_Shared_folder/Thesis/Consolidated.gz/Transmit_counter.v" into library work
Analyzing Verilog file "Z:/VM_Shared_folder/Thesis/Consolidated.gz/ch_aline_storage.v" into library work
Analyzing Verilog file "Z:/VM_Shared_folder/Thesis/Consolidated.gz/transmit_fsm.v" into library work
Analyzing Verilog file "Z:/VM_Shared_folder/Thesis/Consolidated.gz/image_configs.v" into library work
Analyzing Verilog file "Z:/VM_Shared_folder/Thesis/Consolidated.gz/image_transmit_fsm.v" into library work
Analyzing Verilog file "Z:/VM_Shared_folder/Thesis/Consolidated.gz/image_fsm_test.v" into library work
Analyzing Verilog file "C:/Xilinx/14.7/ISE_DS/ISE//verilog/src/glbl.v" into library work
Starting static elaboration
WARNING:HDLCompiler:1016 - "Z:/VM_Shared_folder/Thesis/Consolidated.gz/image_fsm_test.v" Line 42: Port current_store_state is not connected to this instance
Completed static elaboration
Fuse Memory Usage: 102648 KB
Fuse CPU Usage: 1015 ms
Compiling module RAM32M
Compiling module ch_aline_storage
Compiling module image_configs
Compiling module look_up
Compiling module Transmit_counter
Compiling module aline_transmit_fsm
Compiling module image_transmit_fsm
Compiling module image_fsm_test
Compiling module glbl
Time Resolution for simulation is 1ps.
Compiled 9 Verilog Units
Built simulation executable Z:/VM_Shared_folder/Thesis/Consolidated.gz/image_fsm_test_isim_beh.exe
Fuse Memory Usage: 106216 KB
Fuse CPU Usage: 1296 ms
